2025-10-30 13:35:52,213 DEBUG    root            Loaded Command Group: ['gcloud', 'components']
2025-10-30 13:35:52,247 DEBUG    root            Loaded Command Group: ['gcloud', 'components', 'update']
2025-10-30 13:35:52,250 DEBUG    root            Running [gcloud.components.update] with arguments: [--quiet: "True", COMPONENT-IDS:8: "['gcloud', 'core', 'bq', 'gsutil', 'compute', 'preview', 'alpha', 'beta']"]
2025-10-30 13:35:52,251 INFO     ___FILE_ONLY___ Beginning update. This process may take several minutes.

2025-10-30 13:35:52,260 DEBUG    urllib3.connectionpool Starting new HTTPS connection (1): dl.google.com:443
2025-10-30 13:35:52,451 DEBUG    urllib3.connectionpool https://dl.google.com:443 "GET /dl/cloudsdk/channels/rapid/components-2.json HTTP/1.1" 200 233157
2025-10-30 13:35:52,464 WARNING  root            Component [compute] no longer exists.
2025-10-30 13:35:52,465 INFO     ___FILE_ONLY___ 

2025-10-30 13:35:52,466 INFO     ___FILE_ONLY___ 
Your current Google Cloud CLI version is: 545.0.0

2025-10-30 13:35:52,466 INFO     ___FILE_ONLY___ Installing components from version: 545.0.0

2025-10-30 13:35:52,466 INFO     ___FILE_ONLY___ 

2025-10-30 13:35:52,466 DEBUG    root            Chosen display Format:table[box,title="These components will be removed."](details.display_name:label=Name:align=left,version.version_string:label=Version:align=right,data.size.size(zero="",min=1048576):label=Size:align=right)
2025-10-30 13:35:52,467 DEBUG    root            Chosen display Format:table[box,title="These components will be updated."](details.display_name:label=Name:align=left,version.version_string:label=Version:align=right,data.size.size(zero="",min=1048576):label=Size:align=right)
2025-10-30 13:35:52,467 DEBUG    root            Chosen display Format:table[box,title="These components will be installed."](details.display_name:label=Name:align=left,version.version_string:label=Version:align=right,data.size.size(zero="",min=1048576):label=Size:align=right)
2025-10-30 13:35:52,484 INFO     ___FILE_ONLY___ ┌────────────────────────────────────────────────┐
2025-10-30 13:35:52,485 INFO     ___FILE_ONLY___ 

2025-10-30 13:35:52,485 INFO     ___FILE_ONLY___ │      These components will be installed.       │
2025-10-30 13:35:52,485 INFO     ___FILE_ONLY___ 

2025-10-30 13:35:52,485 INFO     ___FILE_ONLY___ ├─────────────────────────┬────────────┬─────────┤
2025-10-30 13:35:52,485 INFO     ___FILE_ONLY___ 

2025-10-30 13:35:52,485 INFO     ___FILE_ONLY___ │           Name          │  Version   │   Size  │
2025-10-30 13:35:52,485 INFO     ___FILE_ONLY___ 

2025-10-30 13:35:52,485 INFO     ___FILE_ONLY___ ├─────────────────────────┼────────────┼─────────┤
2025-10-30 13:35:52,485 INFO     ___FILE_ONLY___ 

2025-10-30 13:35:52,485 INFO     ___FILE_ONLY___ │ 
2025-10-30 13:35:52,486 INFO     ___FILE_ONLY___ gcloud Alpha Commands  
2025-10-30 13:35:52,486 INFO     ___FILE_ONLY___  
2025-10-30 13:35:52,486 INFO     ___FILE_ONLY___ │ 
2025-10-30 13:35:52,486 INFO     ___FILE_ONLY___ 2025.10.24
2025-10-30 13:35:52,486 INFO     ___FILE_ONLY___  
2025-10-30 13:35:52,486 INFO     ___FILE_ONLY___ │ 
2025-10-30 13:35:52,486 INFO     ___FILE_ONLY___ < 1 MiB
2025-10-30 13:35:52,486 INFO     ___FILE_ONLY___  
2025-10-30 13:35:52,486 INFO     ___FILE_ONLY___ │
2025-10-30 13:35:52,486 INFO     ___FILE_ONLY___ 

2025-10-30 13:35:52,486 INFO     ___FILE_ONLY___ │ 
2025-10-30 13:35:52,486 INFO     ___FILE_ONLY___ gcloud Beta Commands   
2025-10-30 13:35:52,486 INFO     ___FILE_ONLY___  
2025-10-30 13:35:52,487 INFO     ___FILE_ONLY___ │ 
2025-10-30 13:35:52,487 INFO     ___FILE_ONLY___ 2025.10.24
2025-10-30 13:35:52,487 INFO     ___FILE_ONLY___  
2025-10-30 13:35:52,487 INFO     ___FILE_ONLY___ │ 
2025-10-30 13:35:52,487 INFO     ___FILE_ONLY___ < 1 MiB
2025-10-30 13:35:52,487 INFO     ___FILE_ONLY___  
2025-10-30 13:35:52,487 INFO     ___FILE_ONLY___ │
2025-10-30 13:35:52,487 INFO     ___FILE_ONLY___ 

2025-10-30 13:35:52,487 INFO     ___FILE_ONLY___ │ 
2025-10-30 13:35:52,487 INFO     ___FILE_ONLY___ gcloud Preview Commands
2025-10-30 13:35:52,487 INFO     ___FILE_ONLY___  
2025-10-30 13:35:52,487 INFO     ___FILE_ONLY___ │ 
2025-10-30 13:35:52,487 INFO     ___FILE_ONLY___           
2025-10-30 13:35:52,487 INFO     ___FILE_ONLY___  
2025-10-30 13:35:52,488 INFO     ___FILE_ONLY___ │ 
2025-10-30 13:35:52,488 INFO     ___FILE_ONLY___ < 1 MiB
2025-10-30 13:35:52,488 INFO     ___FILE_ONLY___  
2025-10-30 13:35:52,488 INFO     ___FILE_ONLY___ │
2025-10-30 13:35:52,488 INFO     ___FILE_ONLY___ 

2025-10-30 13:35:52,488 INFO     ___FILE_ONLY___ └─────────────────────────┴────────────┴─────────┘
2025-10-30 13:35:52,488 INFO     ___FILE_ONLY___ 

2025-10-30 13:35:52,488 INFO     ___FILE_ONLY___ 

2025-10-30 13:35:52,491 DEBUG    urllib3.connectionpool Starting new HTTPS connection (1): dl.google.com:443
2025-10-30 13:35:53,541 DEBUG    urllib3.connectionpool https://dl.google.com:443 "GET /dl/cloudsdk/channels/rapid/RELEASE_NOTES HTTP/1.1" 200 1509806
2025-10-30 13:35:54,126 INFO     ___FILE_ONLY___ For the latest full release notes, please visit:
  https://cloud.google.com/sdk/release_notes


2025-10-30 13:35:54,127 INFO     ___FILE_ONLY___ Performing in place update...


2025-10-30 13:35:54,129 INFO     ___FILE_ONLY___ ╔════════════════════════════════════════════════════════════╗

2025-10-30 13:35:54,129 INFO     ___FILE_ONLY___ ╠═ Downloading: gcloud Alpha Commands                       ═╣

2025-10-30 13:35:54,129 INFO     ___FILE_ONLY___ ╚
2025-10-30 13:35:54,132 DEBUG    urllib3.connectionpool Starting new HTTPS connection (1): dl.google.com:443
2025-10-30 13:35:55,154 DEBUG    urllib3.connectionpool https://dl.google.com:443 "GET /dl/cloudsdk/channels/rapid/components/google-cloud-sdk-alpha-20251024121634.tar.gz HTTP/1.1" 200 800
2025-10-30 13:35:55,155 INFO     ___FILE_ONLY___ ════════════════════════════════════════════════════════════
2025-10-30 13:35:55,155 INFO     ___FILE_ONLY___ ╝

2025-10-30 13:35:55,157 INFO     ___FILE_ONLY___ ╔════════════════════════════════════════════════════════════╗

2025-10-30 13:35:55,157 INFO     ___FILE_ONLY___ ╠═ Downloading: gcloud Beta Commands                        ═╣

2025-10-30 13:35:55,157 INFO     ___FILE_ONLY___ ╚
2025-10-30 13:35:55,160 DEBUG    urllib3.connectionpool Starting new HTTPS connection (1): dl.google.com:443
2025-10-30 13:35:56,241 DEBUG    urllib3.connectionpool https://dl.google.com:443 "GET /dl/cloudsdk/channels/rapid/components/google-cloud-sdk-beta-20251024121634.tar.gz HTTP/1.1" 200 797
2025-10-30 13:35:56,242 INFO     ___FILE_ONLY___ ════════════════════════════════════════════════════════════
2025-10-30 13:35:56,242 INFO     ___FILE_ONLY___ ╝

2025-10-30 13:35:56,244 INFO     ___FILE_ONLY___ ╔════════════════════════════════════════════════════════════╗

2025-10-30 13:35:56,244 INFO     ___FILE_ONLY___ ╠═ Downloading: gcloud Preview Commands                     ═╣

2025-10-30 13:35:56,244 INFO     ___FILE_ONLY___ ╚
2025-10-30 13:35:56,247 DEBUG    urllib3.connectionpool Starting new HTTPS connection (1): dl.google.com:443
2025-10-30 13:35:57,628 DEBUG    urllib3.connectionpool https://dl.google.com:443 "GET /dl/cloudsdk/channels/rapid/components/google-cloud-sdk-preview-20241115154308.tar.gz HTTP/1.1" 200 823
2025-10-30 13:35:57,629 INFO     ___FILE_ONLY___ ════════════════════════════════════════════════════════════
2025-10-30 13:35:57,629 INFO     ___FILE_ONLY___ ╝

2025-10-30 13:35:57,631 INFO     ___FILE_ONLY___ ╔════════════════════════════════════════════════════════════╗

2025-10-30 13:35:57,631 INFO     ___FILE_ONLY___ ╠═ Installing: gcloud Alpha Commands                        ═╣

2025-10-30 13:35:57,632 INFO     ___FILE_ONLY___ ╚
2025-10-30 13:35:57,633 INFO     ___FILE_ONLY___ ════════════════════════════════════════════════════════════
2025-10-30 13:35:57,633 INFO     ___FILE_ONLY___ ╝

2025-10-30 13:35:57,638 INFO     ___FILE_ONLY___ ╔════════════════════════════════════════════════════════════╗

2025-10-30 13:35:57,638 INFO     ___FILE_ONLY___ ╠═ Installing: gcloud Beta Commands                         ═╣

2025-10-30 13:35:57,638 INFO     ___FILE_ONLY___ ╚
2025-10-30 13:35:57,639 INFO     ___FILE_ONLY___ ════════════════════════════════════════════════════════════
2025-10-30 13:35:57,639 INFO     ___FILE_ONLY___ ╝

2025-10-30 13:35:57,645 INFO     ___FILE_ONLY___ ╔════════════════════════════════════════════════════════════╗

2025-10-30 13:35:57,645 INFO     ___FILE_ONLY___ ╠═ Installing: gcloud Preview Commands                      ═╣

2025-10-30 13:35:57,645 INFO     ___FILE_ONLY___ ╚
2025-10-30 13:35:57,646 INFO     ___FILE_ONLY___ ════════════════════════════════════════════════════════════
2025-10-30 13:35:57,646 INFO     ___FILE_ONLY___ ╝

2025-10-30 13:35:57,651 DEBUG    root            Updating notification cache...
2025-10-30 13:35:57,651 INFO     ___FILE_ONLY___ 

2025-10-30 13:35:57,653 INFO     ___FILE_ONLY___ Performing post processing steps...
2025-10-30 13:35:57,653 DEBUG    root            Executing command: ['/tools/google-cloud-sdk/bin/gcloud', 'components', 'post-process']
2025-10-30 13:36:06,958 DEBUG    ___FILE_ONLY___ 
2025-10-30 13:36:06,958 DEBUG    ___FILE_ONLY___ 
2025-10-30 13:36:07,166 INFO     root            descriptor_list: [{'universeDomain': 'googleapis.com', 'universeShortName': '', 'authenticationDomain': 'auth.cloud.google.com', 'projectPrefix': '', 'cloudWebDomain': 'cloud.google.com', 'documentationDomain': 'cloud.google.com', 'version': '1.0.0', 'state': 'primary', 'artifactRegistryDomain': 'pkg.dev'}]
2025-10-30 13:36:07,166 INFO     ___FILE_ONLY___ 
Update done!


2025-10-30 13:36:07,168 DEBUG    root            Chosen display Format:none
2025-10-30 13:36:07,169 INFO     root            Display format: "none"
